2021-07-31 13:27:37,261 [INFO] Activator:177 - 


2021-07-31 13:27:37,333 [INFO] Activator:178 - !SESSION log4j initialized
2021-07-31 15:59:09,259 [INFO] Activator:177 - 


2021-07-31 15:59:09,259 [INFO] Activator:178 - !SESSION log4j initialized
2021-08-02 13:01:59,300 [INFO] Activator:177 - 


2021-08-02 13:01:59,304 [INFO] Activator:178 - !SESSION log4j initialized
2021-08-02 13:09:35,325 [INFO] Activator:177 - 


2021-08-02 13:09:35,325 [INFO] Activator:178 - !SESSION log4j initialized
2021-08-04 12:05:39,732 [INFO] Activator:177 - 


2021-08-04 12:05:39,737 [INFO] Activator:178 - !SESSION log4j initialized
2021-08-04 12:40:43,650 [ERROR] LogOutputStream:74 - [STDERR_REDIRECT] Exception in thread "SWV client thread" java.lang.NullPointerException
2021-08-04 12:40:43,650 [ERROR] LogOutputStream:74 - [STDERR_REDIRECT] 	at com.st.stm32cube.ide.mcu.debug.swv.core.SWVPlugin.debugTrace(SWVPlugin.java:85)
2021-08-04 12:40:43,650 [ERROR] LogOutputStream:74 - [STDERR_REDIRECT] 	at com.st.stm32cube.ide.mcu.debug.swv.core.SWVClient.TRACE(SWVClient.java:759)
2021-08-04 12:40:43,666 [ERROR] LogOutputStream:74 - [STDERR_REDIRECT] 	at com.st.stm32cube.ide.mcu.debug.swv.core.SWVClient.readByte(SWVClient.java:291)
2021-08-04 12:40:43,672 [ERROR] LogOutputStream:74 - [STDERR_REDIRECT] 	at com.st.stm32cube.ide.mcu.debug.swv.core.SWVClient.getNextByte(SWVClient.java:274)
2021-08-04 12:40:43,690 [ERROR] LogOutputStream:74 - [STDERR_REDIRECT] 	at com.st.stm32cube.ide.mcu.debug.swv.core.SWVClient.run(SWVClient.java:308)
2021-08-04 12:41:23,641 [INFO] Activator:177 - 


2021-08-04 12:41:23,641 [INFO] Activator:178 - !SESSION log4j initialized
2021-08-07 09:51:38,028 [INFO] Activator:177 - 


2021-08-07 09:51:38,043 [INFO] Activator:178 - !SESSION log4j initialized
2021-08-07 09:55:50,105 [ERROR] LogOutputStream:74 - [STDERR_REDIRECT] Error: NULL commandControl
2021-08-07 09:55:50,105 [ERROR] LogOutputStream:74 - [STDERR_REDIRECT] Error: NULL commandControl
2021-08-07 10:45:20,131 [ERROR] LogOutputStream:74 - [STDERR_REDIRECT] Exception in thread "SWV client thread" java.lang.NullPointerException
2021-08-07 10:45:20,139 [ERROR] LogOutputStream:74 - [STDERR_REDIRECT] 	at com.st.stm32cube.ide.mcu.debug.swv.core.SWVPlugin.debugTrace(SWVPlugin.java:85)
2021-08-07 10:45:20,143 [ERROR] LogOutputStream:74 - [STDERR_REDIRECT] 	at com.st.stm32cube.ide.mcu.debug.swv.core.SWVClient.TRACE(SWVClient.java:759)
2021-08-07 10:45:20,147 [ERROR] LogOutputStream:74 - [STDERR_REDIRECT] 	at com.st.stm32cube.ide.mcu.debug.swv.core.SWVClient.readByte(SWVClient.java:291)
2021-08-07 10:45:20,151 [ERROR] LogOutputStream:74 - [STDERR_REDIRECT] 	at com.st.stm32cube.ide.mcu.debug.swv.core.SWVClient.getNextByte(SWVClient.java:274)
2021-08-07 10:45:20,155 [ERROR] LogOutputStream:74 - [STDERR_REDIRECT] 	at com.st.stm32cube.ide.mcu.debug.swv.core.SWVClient.run(SWVClient.java:308)
2021-08-07 10:46:32,173 [INFO] Activator:177 - 


2021-08-07 10:46:32,177 [INFO] Activator:178 - !SESSION log4j initialized
2021-08-09 23:57:53,575 [INFO] Activator:177 - 


2021-08-09 23:57:53,589 [INFO] Activator:178 - !SESSION log4j initialized
2021-08-12 22:15:35,240 [INFO] Activator:177 - 


2021-08-12 22:15:35,257 [INFO] Activator:178 - !SESSION log4j initialized
2021-08-23 20:14:53,045 [INFO] Activator:177 - 


2021-08-23 20:14:53,100 [INFO] Activator:178 - !SESSION log4j initialized
2021-08-29 15:17:58,604 [INFO] Activator:177 - 


2021-08-29 15:17:58,621 [INFO] Activator:178 - !SESSION log4j initialized
2021-11-30 17:22:15,590 [INFO] Activator:177 - 


2021-11-30 17:22:15,605 [INFO] Activator:178 - !SESSION log4j initialized
